<?xml version="1.0"?><coverage lines-covered="1345" lines-valid="1653" line-rate="0.8136721113127646" branches-covered="0" branches-valid="0" branch-rate="0" complexity="0" version="1.9" timestamp="1744210389"><sources><source>/Users/etuioan/HekmatMind</source></sources><packages><package name="hekmat_mind/src/event_broker" line-rate="0.896551724137931" branch-rate="0" complexity="0"><classes><class name="mod" filename="hekmat_mind/src/event_broker/mod.rs" line-rate="0.896551724137931" branch-rate="0" complexity="0"><methods/><lines><line number="94" hits="7"/><line number="96" hits="7"/><line number="128" hits="17"/><line number="133" hits="17"/><line number="136" hits="427"/><line number="137" hits="820"/><line number="138" hits="0"/><line number="143" hits="17"/><line number="146" hits="17"/><line number="147" hits="17"/><line number="149" hits="17"/><line number="172" hits="208"/><line number="177" hits="208"/><line number="178" hits="208"/><line number="181" hits="208"/><line number="184" hits="415"/><line number="185" hits="0"/><line number="186" hits="1027"/><line number="187" hits="0"/><line number="200" hits="2"/><line number="204" hits="2"/><line number="205" hits="2"/><line number="206" hits="2"/><line number="218" hits="6"/><line number="222" hits="6"/><line number="223" hits="6"/><line number="225" hits="6"/><line number="226" hits="6"/><line number="227" hits="16"/></lines></class></classes></package><package name="hekmat_mind/src" line-rate="0.8198959687906372" branch-rate="0" complexity="0"><classes></classes></package><package name="hekmat_mind/src/neural/neuron" line-rate="1" branch-rate="0" complexity="0"><classes><class name="model" filename="hekmat_mind/src/neural/neuron/model.rs" line-rate="1" branch-rate="0" complexity="0"><methods/><lines><line number="32" hits="2776"/><line number="33" hits="2776"/><line number="38" hits="3"/><line number="39" hits="3"/><line number="40" hits="1"/><line number="41" hits="1"/><line number="42" hits="1"/><line number="76" hits="2480"/><line number="77" hits="2480"/><line number="80" hits="2480"/><line number="84" hits="2480"/><line number="86" hits="2480"/><line number="101" hits="296"/><line number="102" hits="296"/><line number="105" hits="296"/><line number="109" hits="296"/><line number="111" hits="296"/><line number="120" hits="260"/><line number="121" hits="260"/><line number="125" hits="1387"/><line number="126" hits="1387"/><line number="130" hits="295"/><line number="131" hits="295"/><line number="135" hits="89"/><line number="136" hits="89"/><line number="140" hits="88505"/><line number="141" hits="88505"/><line number="145" hits="107"/><line number="146" hits="107"/><line number="150" hits="2"/><line number="151" hits="2"/><line number="155" hits="8"/><line number="156" hits="8"/><line number="160" hits="1"/><line number="161" hits="1"/><line number="174" hits="3"/><line number="175" hits="3"/><line number="176" hits="3"/><line number="177" hits="3"/><line number="192" hits="1"/><line number="198" hits="1"/><line number="199" hits="1"/><line number="200" hits="1"/><line number="212" hits="457743"/><line number="214" hits="457743"/><line number="215" hits="169532"/><line number="218" hits="288211"/><line number="221" hits="467907"/><line number="222" hits="52098"/><line number="223" hits="52098"/><line number="226" hits="236113"/><line number="234" hits="267425"/><line number="235" hits="267425"/><line number="236" hits="165319"/><line number="239" hits="51379"/><line number="242" hits="51379"/><line number="245" hits="51379"/><line number="247" hits="51379"/><line number="251" hits="50727"/><line number="252" hits="50727"/><line number="263" hits="148"/><line number="264" hits="592"/><line number="268" hits="148"/><line number="271" hits="162"/><line number="272" hits="14"/><line number="277" hits="64"/><line number="278" hits="64"/><line number="279" hits="64"/><line number="291" hits="2"/><line number="292" hits="5"/><line number="293" hits="2"/><line number="305" hits="2"/><line number="306" hits="4"/><line number="307" hits="1"/><line number="309" hits="1"/><line number="313" hits="2"/><line number="314" hits="2"/><line number="316" hits="2"/></lines></class></classes></package><package name="hekmat_mind/src/benchmark" line-rate="0.8177339901477833" branch-rate="0" complexity="0"><classes><class name="mod" filename="hekmat_mind/src/benchmark/mod.rs" line-rate="0.8160919540229885" branch-rate="0" complexity="0"><methods/><lines><line number="28" hits="47"/><line number="30" hits="47"/><line number="31" hits="47"/><line number="34" hits="47"/><line number="39" hits="2"/><line number="40" hits="2"/><line number="41" hits="2"/><line number="45" hits="46"/><line number="46" hits="46"/><line number="47" hits="46"/><line number="51" hits="38"/><line number="52" hits="38"/><line number="53" hits="38"/><line number="78" hits="134"/><line number="79" hits="134"/><line number="80" hits="4"/><line number="82" hits="130"/><line number="86" hits="74"/><line number="87" hits="74"/><line number="89" hits="370"/><line number="93" hits="65"/><line number="94" hits="307"/><line number="98" hits="47"/><line number="99" hits="47"/><line number="100" hits="14"/><line number="103" hits="33"/><line number="104" hits="33"/><line number="105" hits="33"/><line number="106" hits="33"/><line number="107" hits="137"/><line number="116" hits="46"/><line number="117" hits="46"/><line number="118" hits="46"/><line number="119" hits="46"/><line number="120" hits="46"/><line number="121" hits="46"/><line number="122" hits="46"/><line number="123" hits="46"/><line number="125" hits="46"/><line number="138" hits="7"/><line number="141" hits="7"/><line number="147" hits="7"/><line number="148" hits="7"/><line number="149" hits="7"/><line number="150" hits="7"/><line number="162" hits="45"/><line number="164" hits="45"/><line number="169" hits="17"/><line number="174" hits="17"/><line number="175" hits="17"/><line number="176" hits="17"/><line number="177" hits="17"/><line number="181" hits="17"/><line number="184" hits="17"/><line number="185" hits="17"/><line number="188" hits="17"/><line number="189" hits="17"/><line number="190" hits="46"/><line number="191" hits="0"/><line number="192" hits="0"/><line number="197" hits="17"/><line number="199" hits="17"/><line number="200" hits="17"/><line number="202" hits="57"/><line number="204" hits="0"/><line number="207" hits="0"/><line number="210" hits="0"/><line number="211" hits="0"/><line number="212" hits="0"/><line number="215" hits="40"/><line number="216" hits="0"/><line number="218" hits="0"/><line number="219" hits="0"/><line number="220" hits="0"/><line number="224" hits="0"/><line number="225" hits="0"/><line number="226" hits="0"/><line number="227" hits="0"/><line number="228" hits="0"/><line number="232" hits="17"/><line number="235" hits="17"/><line number="239" hits="17"/><line number="240" hits="17"/><line number="244" hits="17"/><line number="245" hits="17"/><line number="249" hits="17"/><line number="251" hits="17"/></lines></class><class name="scenarios" filename="hekmat_mind/src/benchmark/scenarios.rs" line-rate="0.8189655172413793" branch-rate="0" complexity="0"><methods/><lines><line number="29" hits="9"/><line number="31" hits="9"/><line number="38" hits="7"/><line number="39" hits="7"/><line number="40" hits="7"/><line number="44" hits="5"/><line number="45" hits="5"/><line number="46" hits="5"/><line number="51" hits="25"/><line number="52" hits="25"/><line number="55" hits="2"/><line number="56" hits="2"/><line number="59" hits="5"/><line number="61" hits="5"/><line number="64" hits="3"/><line number="66" hits="3"/><line number="67" hits="20"/><line number="68" hits="20"/><line number="71" hits="20"/><line number="85" hits="23"/><line number="86" hits="23"/><line number="87" hits="23"/><line number="88" hits="23"/><line number="89" hits="23"/><line number="106" hits="41"/><line number="108" hits="41"/><line number="109" hits="41"/><line number="110" hits="41"/><line number="115" hits="833"/><line number="116" hits="833"/><line number="120" hits="5302"/><line number="121" hits="15906"/><line number="122" hits="5302"/><line number="127" hits="24552"/><line number="128" hits="49104"/><line number="129" hits="24552"/><line number="134" hits="22502"/><line number="136" hits="22502"/><line number="138" hits="294962"/><line number="143" hits="490598"/><line number="145" hits="234048"/><line number="146" hits="234048"/><line number="151" hits="249339"/><line number="155" hits="12"/><line number="156" hits="12"/><line number="190" hits="14"/><line number="208" hits="10"/><line number="209" hits="10"/><line number="210" hits="10"/><line number="222" hits="7"/><line number="223" hits="7"/><line number="224" hits="7"/><line number="233" hits="2"/><line number="234" hits="2"/><line number="242" hits="3"/><line number="243" hits="3"/><line number="251" hits="74"/><line number="252" hits="74"/><line number="255" hits="15"/><line number="256" hits="15"/><line number="259" hits="14"/><line number="261" hits="14"/><line number="264" hits="409"/><line number="266" hits="0"/><line number="267" hits="0"/><line number="271" hits="14"/><line number="272" hits="14"/><line number="274" hits="14"/><line number="275" hits="2648"/><line number="276" hits="2648"/><line number="279" hits="2752"/><line number="280" hits="52"/><line number="284" hits="0"/><line number="287" hits="0"/><line number="291" hits="14"/><line number="294" hits="10"/><line number="296" hits="10"/><line number="299" hits="40"/><line number="301" hits="40"/><line number="302" hits="40"/><line number="303" hits="40"/><line number="305" hits="40"/><line number="306" hits="40"/><line number="307" hits="40"/><line number="308" hits="40"/><line number="311" hits="80"/><line number="312" hits="11246"/><line number="314" hits="0"/><line number="316" hits="12276"/><line number="317" hits="12276"/><line number="318" hits="12276"/><line number="320" hits="12276"/><line number="324" hits="0"/><line number="326" hits="0"/><line number="329" hits="242"/><line number="330" hits="0"/><line number="331" hits="0"/><line number="334" hits="0"/><line number="337" hits="0"/><line number="338" hits="0"/><line number="342" hits="0"/><line number="346" hits="0"/><line number="348" hits="22008"/><line number="349" hits="0"/><line number="350" hits="0"/><line number="353" hits="0"/><line number="356" hits="0"/><line number="357" hits="0"/><line number="361" hits="0"/><line number="365" hits="0"/><line number="372" hits="9"/><line number="373" hits="9"/><line number="374" hits="9"/><line number="375" hits="9"/><line number="376" hits="9"/><line number="377" hits="9"/></lines></class></classes></package><package name="hekmat_mind/tests" line-rate="0.7304347826086957" branch-rate="0" complexity="0"><classes><class name="benchmark_scenarios_test" filename="hekmat_mind/tests/benchmark_scenarios_test.rs" line-rate="1" branch-rate="0" complexity="0"><methods/><lines><line number="17" hits="1"/><line number="18" hits="1"/><line number="22" hits="1"/><line number="23" hits="1"/><line number="24" hits="1"/><line number="28" hits="1"/></lines></class><class name="benchmark_tests" filename="hekmat_mind/tests/benchmark_tests.rs" line-rate="1" branch-rate="0" complexity="0"><methods/><lines><line number="24" hits="45"/><line number="25" hits="45"/><line number="28" hits="14"/><line number="29" hits="14"/><line number="32" hits="34"/><line number="34" hits="34"/></lines></class><class name="event_broker_integration_test" filename="hekmat_mind/tests/event_broker_integration_test.rs" line-rate="1" branch-rate="0" complexity="0"><methods/><lines><line number="30" hits="4"/><line number="32" hits="4"/><line number="33" hits="4"/><line number="37" hits="4"/><line number="38" hits="4"/><line number="39" hits="4"/><line number="42" hits="206"/><line number="43" hits="202"/><line number="44" hits="202"/><line number="45" hits="202"/><line number="47" hits="202"/><line number="50" hits="4"/><line number="51" hits="4"/><line number="54" hits="206"/><line number="55" hits="202"/><line number="56" hits="202"/><line number="60" hits="4"/><line number="61" hits="4"/><line number="64" hits="402"/><line number="65" hits="402"/></lines></class><class name="network_scalability_bin_test" filename="hekmat_mind/tests/network_scalability_bin_test.rs" line-rate="0.5510204081632653" branch-rate="0" complexity="0"><methods/><lines><line number="24" hits="1"/><line number="33" hits="1"/><line number="34" hits="1"/><line number="35" hits="1"/><line number="39" hits="1"/><line number="40" hits="1"/><line number="41" hits="1"/><line number="46" hits="0"/><line number="47" hits="0"/><line number="48" hits="0"/><line number="53" hits="4"/><line number="55" hits="4"/><line number="58" hits="4"/><line number="59" hits="4"/><line number="61" hits="4"/><line number="66" hits="0"/><line number="73" hits="0"/><line number="75" hits="0"/><line number="78" hits="0"/><line number="81" hits="0"/><line number="82" hits="0"/><line number="87" hits="0"/><line number="88" hits="0"/><line number="90" hits="0"/><line number="91" hits="0"/><line number="94" hits="0"/><line number="95" hits="0"/><line number="98" hits="0"/><line number="100" hits="0"/><line number="107" hits="1"/><line number="112" hits="1"/><line number="114" hits="1"/><line number="118" hits="1"/><line number="119" hits="1"/><line number="120" hits="1"/><line number="121" hits="1"/><line number="124" hits="1"/><line number="125" hits="1"/><line number="128" hits="1"/><line number="131" hits="1"/><line number="135" hits="1"/><line number="136" hits="0"/><line number="140" hits="1"/><line number="141" hits="1"/><line number="142" hits="1"/><line number="146" hits="0"/><line number="147" hits="0"/><line number="150" hits="0"/><line number="156" hits="0"/></lines></class><class name="test_registry" filename="hekmat_mind/tests/test_registry.rs" line-rate="0.7352941176470589" branch-rate="0" complexity="0"><methods/><lines><line number="17" hits="0"/><line number="18" hits="0"/><line number="24" hits="10"/><line number="26" hits="10"/><line number="31" hits="10"/><line number="32" hits="10"/><line number="36" hits="11"/><line number="37" hits="11"/><line number="42" hits="1"/><line number="43" hits="1"/><line number="47" hits="3"/><line number="48" hits="3"/><line number="53" hits="2"/><line number="60" hits="2"/><line number="65" hits="1"/><line number="72" hits="1"/><line number="77" hits="1"/><line number="84" hits="1"/><line number="85" hits="1"/><line number="90" hits="1"/><line number="97" hits="1"/><line number="98" hits="1"/><line number="104" hits="0"/><line number="111" hits="0"/><line number="114" hits="239"/><line number="122" hits="239"/><line number="125" hits="239"/><line number="132" hits="239"/><line number="133" hits="239"/><line number="136" hits="0"/><line number="143" hits="0"/><line number="144" hits="0"/><line number="147" hits="0"/><line number="148" hits="0"/></lines></class></classes></package><package name="hekmat_mind/src/telemetry" line-rate="0.6548672566371682" branch-rate="0" complexity="0"><classes><class name="collector" filename="hekmat_mind/src/telemetry/collector.rs" line-rate="1" branch-rate="0" complexity="0"><methods/><lines><line number="53" hits="2"/><line number="56" hits="2"/></lines></class><class name="in_memory" filename="hekmat_mind/src/telemetry/in_memory.rs" line-rate="0.671875" branch-rate="0" complexity="0"><methods/><lines><line number="36" hits="99"/><line number="38" hits="99"/><line number="40" hits="99"/><line number="45" hits="4"/><line number="46" hits="4"/><line number="50" hits="8468"/><line number="51" hits="8468"/><line number="55" hits="8190"/><line number="63" hits="8190"/><line number="64" hits="8190"/><line number="67" hits="8190"/><line number="73" hits="16380"/><line number="80" hits="218"/><line number="81" hits="218"/><line number="90" hits="2802"/><line number="97" hits="2802"/><line number="100" hits="2898"/><line number="107" hits="2898"/><line number="110" hits="2279"/><line number="117" hits="2279"/><line number="120" hits="211"/><line number="127" hits="211"/><line number="128" hits="211"/><line number="131" hits="34"/><line number="132" hits="34"/><line number="137" hits="210"/><line number="138" hits="210"/><line number="140" hits="420"/><line number="141" hits="192"/><line number="144" hits="1716"/><line number="151" hits="18"/><line number="154" hits="68"/><line number="155" hits="68"/><line number="157" hits="136"/><line number="158" hits="52"/><line number="159" hits="48"/><line number="160" hits="0"/><line number="161" hits="0"/><line number="165" hits="297"/><line number="166" hits="300"/><line number="168" hits="0"/><line number="169" hits="0"/><line number="170" hits="0"/><line number="171" hits="0"/><line number="172" hits="48"/><line number="175" hits="0"/><line number="176" hits="48"/><line number="178" hits="0"/><line number="179" hits="0"/><line number="180" hits="48"/><line number="182" hits="0"/><line number="185" hits="0"/><line number="186" hits="0"/><line number="187" hits="48"/><line number="189" hits="0"/><line number="192" hits="0"/><line number="193" hits="0"/><line number="194" hits="0"/><line number="195" hits="0"/><line number="196" hits="0"/><line number="197" hits="0"/><line number="198" hits="0"/><line number="199" hits="0"/><line number="205" hits="20"/></lines></class><class name="mod" filename="hekmat_mind/src/telemetry/mod.rs" line-rate="0.6170212765957447" branch-rate="0" complexity="0"><methods/><lines><line number="33" hits="12"/><line number="34" hits="12"/><line number="35" hits="3"/><line number="36" hits="3"/><line number="37" hits="3"/><line number="38" hits="3"/><line number="64" hits="0"/><line number="65" hits="0"/><line number="71" hits="12"/><line number="75" hits="12"/><line number="80" hits="73"/><line number="82" hits="73"/><line number="87" hits="75"/><line number="88" hits="75"/><line number="92" hits="87"/><line number="93" hits="87"/><line number="97" hits="48"/><line number="98" hits="48"/><line number="102" hits="288"/><line number="109" hits="1704"/><line number="110" hits="0"/><line number="115" hits="33977"/><line number="122" hits="35327"/><line number="128" hits="33940"/><line number="135" hits="34684"/><line number="141" hits="111"/><line number="148" hits="693"/><line number="149" hits="0"/><line number="156" hits="0"/><line number="157" hits="0"/><line number="160" hits="0"/><line number="168" hits="0"/><line number="169" hits="0"/><line number="173" hits="0"/><line number="181" hits="0"/><line number="182" hits="0"/><line number="186" hits="0"/><line number="194" hits="0"/><line number="195" hits="0"/><line number="199" hits="0"/><line number="207" hits="0"/><line number="208" hits="0"/><line number="215" hits="13"/><line number="218" hits="33171"/><line number="219" hits="33171"/><line number="223" hits="46"/><line number="225" hits="46"/></lines></class></classes></package><package name="hekmat_mind/tests/regression/event_broker" line-rate="0" branch-rate="0" complexity="0"><classes></classes></package><package name="hekmat_mind/src/entropy/sources" line-rate="0.5900621118012422" branch-rate="0" complexity="0"><classes><class name="satellite" filename="hekmat_mind/src/entropy/sources/satellite.rs" line-rate="0.39285714285714285" branch-rate="0" complexity="0"><methods/><lines><line number="42" hits="1"/><line number="43" hits="1"/><line number="44" hits="1"/><line number="49" hits="1"/><line number="57" hits="2"/><line number="58" hits="1"/><line number="60" hits="3"/><line number="61" hits="1"/><line number="65" hits="0"/><line number="66" hits="0"/><line number="67" hits="0"/><line number="71" hits="0"/><line number="72" hits="0"/><line number="73" hits="0"/><line number="74" hits="0"/><line number="80" hits="0"/><line number="85" hits="0"/><line number="88" hits="0"/><line number="89" hits="0"/><line number="90" hits="0"/><line number="91" hits="0"/><line number="94" hits="0"/><line number="95" hits="0"/><line number="96" hits="0"/><line number="97" hits="0"/><line number="98" hits="0"/><line number="101" hits="0"/><line number="106" hits="0"/><line number="107" hits="0"/><line number="109" hits="0"/><line number="110" hits="0"/><line number="111" hits="0"/><line number="112" hits="0"/><line number="114" hits="0"/><line number="119" hits="0"/><line number="121" hits="0"/><line number="122" hits="0"/><line number="126" hits="0"/><line number="127" hits="0"/><line number="128" hits="0"/><line number="131" hits="0"/><line number="137" hits="1"/><line number="138" hits="1"/><line number="141" hits="1"/><line number="142" hits="1"/><line number="145" hits="1"/><line number="146" hits="1"/><line number="147" hits="1"/><line number="148" hits="1"/><line number="149" hits="1"/><line number="150" hits="1"/><line number="151" hits="1"/><line number="153" hits="0"/><line number="154" hits="1"/><line number="158" hits="1"/><line number="159" hits="2"/></lines></class><class name="system" filename="hekmat_mind/src/entropy/sources/system.rs" line-rate="0.9107142857142857" branch-rate="0" complexity="0"><methods/><lines><line number="23" hits="6"/><line number="25" hits="6"/><line number="30" hits="7"/><line number="31" hits="7"/><line number="34" hits="7"/><line number="37" hits="7"/><line number="38" hits="7"/><line number="41" hits="7"/><line number="42" hits="7"/><line number="45" hits="7"/><line number="48" hits="63"/><line number="52" hits="35"/><line number="56" hits="35"/><line number="61" hits="7"/><line number="64" hits="7"/><line number="67" hits="10488215"/><line number="68" hits="10488208"/><line number="69" hits="10488208"/><line number="72" hits="7"/><line number="76" hits="7"/><line number="77" hits="7"/><line number="78" hits="0"/><line number="82" hits="7"/><line number="83" hits="56"/><line number="88" hits="7"/><line number="92" hits="56"/><line number="98" hits="7"/><line number="102" hits="0"/><line number="108" hits="0"/><line number="114" hits="7"/><line number="122" hits="7"/><line number="123" hits="7"/><line number="130" hits="7"/><line number="131" hits="7"/><line number="136" hits="7"/><line number="142" hits="7"/><line number="143" hits="7"/><line number="144" hits="7"/><line number="145" hits="7"/><line number="146" hits="7"/><line number="147" hits="7"/><line number="148" hits="7"/><line number="149" hits="7"/><line number="158" hits="7"/><line number="159" hits="7"/><line number="162" hits="7"/><line number="168" hits="0"/><line number="169" hits="0"/><line number="175" hits="1"/><line number="176" hits="1"/><line number="179" hits="5"/><line number="180" hits="5"/><line number="183" hits="5"/><line number="185" hits="5"/><line number="188" hits="7"/><line number="189" hits="7"/></lines></class><class name="weather" filename="hekmat_mind/src/entropy/sources/weather.rs" line-rate="0.4489795918367347" branch-rate="0" complexity="0"><methods/><lines><line number="43" hits="1"/><line number="44" hits="1"/><line number="45" hits="1"/><line number="50" hits="1"/><line number="58" hits="2"/><line number="59" hits="1"/><line number="61" hits="3"/><line number="62" hits="1"/><line number="66" hits="0"/><line number="67" hits="0"/><line number="68" hits="0"/><line number="72" hits="0"/><line number="73" hits="0"/><line number="74" hits="0"/><line number="75" hits="0"/><line number="81" hits="0"/><line number="82" hits="0"/><line number="85" hits="0"/><line number="86" hits="0"/><line number="87" hits="0"/><line number="88" hits="0"/><line number="89" hits="0"/><line number="95" hits="0"/><line number="96" hits="0"/><line number="97" hits="0"/><line number="98" hits="0"/><line number="99" hits="0"/><line number="100" hits="0"/><line number="103" hits="0"/><line number="105" hits="0"/><line number="106" hits="0"/><line number="110" hits="0"/><line number="111" hits="0"/><line number="114" hits="0"/><line number="120" hits="1"/><line number="121" hits="1"/><line number="124" hits="1"/><line number="125" hits="1"/><line number="128" hits="1"/><line number="129" hits="1"/><line number="130" hits="1"/><line number="131" hits="1"/><line number="132" hits="1"/><line number="133" hits="1"/><line number="134" hits="1"/><line number="136" hits="0"/><line number="137" hits="1"/><line number="141" hits="1"/><line number="142" hits="2"/></lines></class></classes></package><package name="hekmat_mind/tests/regression/neural" line-rate="0" branch-rate="0" complexity="0"><classes></classes></package><package name="hekmat_mind/src/neural" line-rate="0.9094247246022031" branch-rate="0" complexity="0"><classes></classes></package><package name="hekmat_mind/benches" line-rate="0" branch-rate="0" complexity="0"><classes></classes></package><package name="hekmat_mind/src/entropy" line-rate="0.7433628318584071" branch-rate="0" complexity="0"><classes><class name="cache" filename="hekmat_mind/src/entropy/cache.rs" line-rate="0.8461538461538461" branch-rate="0" complexity="0"><methods/><lines><line number="25" hits="12"/><line number="27" hits="12"/><line number="33" hits="7"/><line number="34" hits="7"/><line number="38" hits="22"/><line number="39" hits="22"/><line number="43" hits="3"/><line number="44" hits="3"/><line number="45" hits="0"/><line number="47" hits="3"/><line number="53" hits="8"/><line number="54" hits="8"/><line number="55" hits="0"/><line number="59" hits="8"/><line number="60" hits="8"/><line number="62" hits="8"/><line number="63" hits="0"/><line number="64" hits="0"/><line number="65" hits="0"/><line number="70" hits="8"/><line number="71" hits="1"/><line number="72" hits="4"/><line number="73" hits="3"/><line number="78" hits="20976060"/><line number="88" hits="12"/><line number="89" hits="12"/><line number="90" hits="1"/><line number="93" hits="11"/><line number="94" hits="11"/><line number="95" hits="3326"/><line number="98" hits="0"/><line number="106" hits="1"/><line number="107" hits="1"/><line number="111" hits="3"/><line number="112" hits="3"/><line number="116" hits="2"/><line number="117" hits="2"/><line number="121" hits="1"/><line number="122" hits="1"/></lines></class><class name="extractors" filename="hekmat_mind/src/entropy/extractors.rs" line-rate="0.9069767441860465" branch-rate="0" complexity="0"><methods/><lines><line number="29" hits="5"/><line number="30" hits="5"/><line number="31" hits="0"/><line number="34" hits="5"/><line number="35" hits="5"/><line number="36" hits="5"/><line number="38" hits="11"/><line number="39" hits="11"/><line number="40" hits="0"/><line number="43" hits="11"/><line number="44" hits="11"/><line number="47" hits="186"/><line number="54" hits="57"/><line number="55" hits="57"/><line number="58" hits="57"/><line number="59" hits="6"/><line number="60" hits="6"/><line number="61" hits="6"/><line number="64" hits="6"/><line number="65" hits="1"/><line number="73" hits="4"/><line number="74" hits="4"/><line number="77" hits="0"/><line number="93" hits="10"/><line number="95" hits="10"/><line number="96" hits="1"/><line number="101" hits="9"/><line number="102" hits="9"/><line number="105" hits="9"/><line number="106" hits="9"/><line number="108" hits="9"/><line number="110" hits="9"/><line number="111" hits="9"/><line number="114" hits="9"/><line number="115" hits="9"/><line number="118" hits="9"/><line number="121" hits="11"/><line number="123" hits="1"/><line number="124" hits="1"/><line number="126" hits="1"/><line number="149" hits="4"/><line number="154" hits="4"/><line number="155" hits="1"/><line number="159" hits="3"/><line number="160" hits="3"/><line number="165" hits="3"/><line number="166" hits="3"/><line number="169" hits="3"/><line number="170" hits="3"/><line number="171" hits="3"/><line number="174" hits="3"/><line number="190" hits="5"/><line number="191" hits="5"/><line number="192" hits="1"/><line number="195" hits="4"/><line number="196" hits="4"/><line number="198" hits="152"/><line number="200" hits="76"/><line number="201" hits="76"/><line number="202" hits="76"/><line number="204" hits="76"/><line number="205" hits="4"/><line number="211" hits="0"/><line number="214" hits="4"/><line number="235" hits="4"/><line number="238" hits="4"/><line number="239" hits="1"/><line number="244" hits="3"/><line number="245" hits="3"/><line number="248" hits="3"/><line number="249" hits="3"/><line number="251" hits="3"/><line number="254" hits="3"/><line number="255" hits="3"/><line number="258" hits="3"/><line number="262" hits="3"/><line number="263" hits="3"/><line number="264" hits="3"/><line number="266" hits="0"/><line number="270" hits="6"/><line number="274" hits="0"/><line number="280" hits="0"/><line number="283" hits="3"/><line number="284" hits="3"/><line number="285" hits="3"/><line number="291" hits="0"/></lines></class><class name="mod" filename="hekmat_mind/src/entropy/mod.rs" line-rate="0.8679245283018868" branch-rate="0" complexity="0"><methods/><lines><line number="83" hits="5"/><line number="85" hits="5"/><line number="102" hits="4"/><line number="103" hits="4"/><line number="109" hits="10"/><line number="111" hits="10"/><line number="112" hits="10"/><line number="122" hits="0"/><line number="123" hits="0"/><line number="127" hits="7"/><line number="129" hits="7"/><line number="130" hits="16"/><line number="132" hits="7"/><line number="133" hits="1"/><line number="134" hits="6"/><line number="139" hits="8"/><line number="140" hits="8"/><line number="144" hits="13"/><line number="145" hits="13"/><line number="149" hits="0"/><line number="150" hits="0"/><line number="154" hits="20"/><line number="156" hits="10"/><line number="157" hits="20"/><line number="158" hits="10"/><line number="161" hits="10"/><line number="163" hits="7"/><line number="167" hits="18"/><line number="168" hits="9"/><line number="172" hits="12"/><line number="173" hits="6"/><line number="174" hits="12"/><line number="175" hits="6"/><line number="176" hits="6"/><line number="177" hits="6"/><line number="178" hits="0"/><line number="183" hits="10"/><line number="184" hits="4"/><line number="185" hits="4"/><line number="186" hits="4"/><line number="187" hits="4"/><line number="188" hits="4"/><line number="189" hits="4"/><line number="191" hits="0"/><line number="197" hits="2"/><line number="198" hits="1"/><line number="199" hits="1"/><line number="200" hits="1"/><line number="201" hits="1"/><line number="202" hits="1"/><line number="203" hits="1"/><line number="205" hits="0"/><line number="209" hits="1"/></lines></class></classes></package><package name="hekmat_mind/tests/regression" line-rate="0" branch-rate="0" complexity="0"><classes></classes></package><package name="hekmat_mind/src/neural/synapse" line-rate="0.9636363636363636" branch-rate="0" complexity="0"><classes><class name="model" filename="hekmat_mind/src/neural/synapse/model.rs" line-rate="0.9636363636363636" branch-rate="0" complexity="0"><methods/><lines><line number="46" hits="4476"/><line number="50" hits="4476"/><line number="58" hits="4423"/><line number="59" hits="4423"/><line number="63" hits="4423"/><line number="64" hits="4423"/><line number="68" hits="20117"/><line number="69" hits="20117"/><line number="73" hits="19"/><line number="74" hits="19"/><line number="78" hits="27"/><line number="79" hits="27"/><line number="91" hits="58319"/><line number="92" hits="58319"/><line number="93" hits="58319"/><line number="94" hits="58319"/><line number="102" hits="202095"/><line number="103" hits="202095"/><line number="104" hits="173707"/><line number="105" hits="182556"/><line number="106" hits="8849"/><line number="107" hits="8849"/><line number="119" hits="12094"/><line number="126" hits="36205"/><line number="128" hits="12041"/><line number="129" hits="12152"/><line number="131" hits="29"/><line number="135" hits="12094"/><line number="143" hits="20019"/><line number="144" hits="20019"/><line number="152" hits="13"/><line number="153" hits="13"/><line number="167" hits="1"/><line number="177" hits="1"/><line number="178" hits="1"/><line number="179" hits="1"/><line number="183" hits="1"/><line number="184" hits="1"/><line number="185" hits="1"/><line number="189" hits="1"/><line number="190" hits="1"/><line number="191" hits="1"/><line number="195" hits="1"/><line number="196" hits="1"/><line number="197" hits="1"/><line number="201" hits="1"/><line number="203" hits="1"/><line number="204" hits="1"/><line number="206" hits="1"/><line number="207" hits="1"/><line number="210" hits="1"/><line number="211" hits="1"/><line number="213" hits="1"/><line number="218" hits="0"/><line number="219" hits="0"/></lines></class></classes></package><package name="hekmat_mind/src/neural/growth" line-rate="0.8932806324110671" branch-rate="0" complexity="0"><classes><class name="axon" filename="hekmat_mind/src/neural/growth/axon.rs" line-rate="0.9333333333333333" branch-rate="0" complexity="0"><methods/><lines><line number="46" hits="269"/><line number="50" hits="269"/><line number="52" hits="269"/><line number="58" hits="64"/><line number="59" hits="64"/><line number="62" hits="64"/><line number="63" hits="31"/><line number="67" hits="33"/><line number="68" hits="33"/><line number="70" hits="33"/><line number="71" hits="24"/><line number="72" hits="3"/><line number="74" hits="6"/><line number="75" hits="2"/><line number="77" hits="4"/><line number="120" hits="11"/><line number="124" hits="11"/><line number="126" hits="11"/><line number="128" hits="11"/><line number="134" hits="83"/><line number="135" hits="83"/><line number="139" hits="6"/><line number="140" hits="6"/><line number="144" hits="4"/><line number="145" hits="4"/><line number="149" hits="1"/><line number="150" hits="1"/><line number="154" hits="1"/><line number="155" hits="1"/><line number="159" hits="51"/><line number="160" hits="51"/><line number="171" hits="49"/><line number="172" hits="49"/><line number="173" hits="1"/><line number="177" hits="48"/><line number="180" hits="48"/><line number="181" hits="48"/><line number="184" hits="60"/><line number="187" hits="12"/><line number="188" hits="12"/><line number="189" hits="12"/><line number="192" hits="118"/><line number="198" hits="13"/><line number="199" hits="13"/><line number="200" hits="13"/><line number="202" hits="13"/><line number="203" hits="13"/><line number="204" hits="13"/><line number="207" hits="23"/><line number="209" hits="5"/><line number="210" hits="5"/><line number="211" hits="5"/><line number="212" hits="5"/><line number="213" hits="5"/><line number="215" hits="8"/><line number="216" hits="8"/><line number="217" hits="8"/><line number="224" hits="109"/><line number="225" hits="22"/><line number="226" hits="22"/><line number="227" hits="22"/><line number="230" hits="22"/><line number="232" hits="22"/><line number="233" hits="22"/><line number="234" hits="22"/><line number="237" hits="22"/><line number="238" hits="22"/><line number="239" hits="22"/><line number="242" hits="22"/><line number="243" hits="22"/><line number="244" hits="22"/><line number="247" hits="44"/><line number="248" hits="22"/><line number="249" hits="22"/><line number="250" hits="22"/><line number="256" hits="48"/><line number="257" hits="48"/><line number="260" hits="48"/><line number="263" hits="48"/><line number="266" hits="48"/><line number="267" hits="0"/><line number="271" hits="48"/><line number="274" hits="48"/><line number="275" hits="48"/><line number="276" hits="48"/><line number="279" hits="48"/><line number="280" hits="48"/><line number="283" hits="48"/><line number="286" hits="48"/><line number="287" hits="41"/><line number="289" hits="32"/><line number="290" hits="32"/><line number="291" hits="32"/><line number="292" hits="32"/><line number="293" hits="32"/><line number="297" hits="32"/><line number="298" hits="0"/><line number="306" hits="0"/><line number="307" hits="0"/><line number="311" hits="1"/><line number="312" hits="1"/><line number="313" hits="0"/><line number="316" hits="1"/><line number="320" hits="0"/><line number="321" hits="0"/></lines></class><class name="dendritic_growth" filename="hekmat_mind/src/neural/growth/dendritic_growth.rs" line-rate="0.8810126582278481" branch-rate="0" complexity="0"><methods/><lines><line number="72" hits="30"/><line number="73" hits="30"/><line number="102" hits="30"/><line number="104" hits="30"/><line number="108" hits="30"/><line number="109" hits="30"/><line number="110" hits="30"/><line number="117" hits="0"/><line number="125" hits="0"/><line number="127" hits="0"/><line number="129" hits="0"/><line number="130" hits="0"/><line number="131" hits="0"/><line number="138" hits="60"/><line number="139" hits="60"/><line number="140" hits="60"/><line number="141" hits="0"/><line number="144" hits="60"/><line number="145" hits="30"/><line number="147" hits="30"/><line number="148" hits="0"/><line number="154" hits="138"/><line number="155" hits="138"/><line number="156" hits="0"/><line number="159" hits="138"/><line number="160" hits="138"/><line number="164" hits="60"/><line number="165" hits="60"/><line number="166" hits="18"/><line number="167" hits="18"/><line number="169" hits="42"/><line number="174" hits="18"/><line number="175" hits="36"/><line number="176" hits="18"/><line number="177" hits="18"/><line number="182" hits="31"/><line number="184" hits="31"/><line number="185" hits="31"/><line number="189" hits="31"/><line number="190" hits="31"/><line number="191" hits="31"/><line number="193" hits="46"/><line number="194" hits="15"/><line number="195" hits="15"/><line number="200" hits="50"/><line number="201" hits="50"/><line number="202" hits="0"/><line number="206" hits="50"/><line number="207" hits="50"/><line number="208" hits="50"/><line number="212" hits="281"/><line number="213" hits="281"/><line number="215" hits="85"/><line number="216" hits="85"/><line number="218" hits="6"/><line number="219" hits="6"/><line number="221" hits="269"/><line number="222" hits="269"/><line number="224" hits="22"/><line number="225" hits="22"/><line number="264" hits="70"/><line number="275" hits="70"/><line number="276" hits="70"/><line number="279" hits="70"/><line number="284" hits="70"/><line number="286" hits="70"/><line number="287" hits="70"/><line number="292" hits="29"/><line number="298" hits="29"/><line number="299" hits="29"/><line number="300" hits="29"/><line number="301" hits="29"/><line number="305" hits="29"/><line number="306" hits="29"/><line number="310" hits="40"/><line number="311" hits="40"/><line number="313" hits="160"/><line number="314" hits="18"/><line number="315" hits="18"/><line number="319" hits="160"/><line number="321" hits="18"/><line number="323" hits="18"/><line number="327" hits="40"/><line number="331" hits="40"/><line number="332" hits="160"/><line number="334" hits="30"/><line number="336" hits="30"/><line number="343" hits="40"/><line number="344" hits="40"/><line number="345" hits="10"/><line number="348" hits="30"/><line number="349" hits="30"/><line number="350" hits="30"/><line number="351" hits="90"/><line number="355" hits="150"/><line number="357" hits="30"/><line number="358" hits="30"/><line number="359" hits="90"/><line number="360" hits="30"/><line number="366" hits="12"/><line number="367" hits="12"/><line number="368" hits="12"/><line number="371" hits="12"/><line number="374" hits="12"/><line number="378" hits="1"/><line number="380" hits="1"/><line number="381" hits="1"/><line number="384" hits="1"/><line number="385" hits="1"/><line number="386" hits="1"/><line number="387" hits="2"/><line number="388" hits="1"/><line number="389" hits="1"/><line number="391" hits="1"/><line number="395" hits="577"/><line number="396" hits="577"/><line number="398" hits="143"/><line number="399" hits="143"/><line number="401" hits="500"/><line number="402" hits="500"/><line number="404" hits="209"/><line number="405" hits="209"/><line number="407" hits="225"/><line number="408" hits="225"/><line number="441" hits="15"/><line number="444" hits="15"/><line number="445" hits="15"/><line number="452" hits="15"/><line number="458" hits="4"/><line number="459" hits="4"/><line number="460" hits="4"/><line number="461" hits="4"/><line number="465" hits="14"/><line number="466" hits="14"/><line number="468" hits="54"/><line number="484" hits="14"/><line number="488" hits="42"/><line number="489" hits="42"/><line number="490" hits="42"/><line number="494" hits="1"/><line number="495" hits="1"/><line number="497" hits="3"/><line number="502" hits="28"/><line number="507" hits="28"/><line number="509" hits="84"/><line number="512" hits="19"/><line number="513" hits="19"/><line number="514" hits="19"/><line number="516" hits="19"/><line number="517" hits="38"/><line number="518" hits="19"/><line number="519" hits="19"/><line number="520" hits="19"/><line number="521" hits="19"/><line number="527" hits="28"/><line number="528" hits="28"/><line number="529" hits="28"/><line number="531" hits="47"/><line number="532" hits="19"/><line number="533" hits="19"/><line number="534" hits="19"/><line number="537" hits="28"/><line number="541" hits="28"/><line number="545" hits="28"/><line number="546" hits="28"/><line number="549" hits="28"/><line number="550" hits="28"/><line number="551" hits="28"/><line number="554" hits="28"/><line number="555" hits="28"/><line number="556" hits="28"/><line number="558" hits="56"/><line number="559" hits="28"/><line number="560" hits="28"/><line number="561" hits="28"/><line number="566" hits="28"/><line number="567" hits="28"/><line number="568" hits="0"/><line number="580" hits="193"/><line number="583" hits="579"/><line number="585" hits="193"/><line number="586" hits="386"/><line number="587" hits="1"/><line number="589" hits="192"/><line number="591" hits="193"/><line number="593" hits="669"/><line number="594" hits="476"/><line number="600" hits="0"/><line number="602" hits="28"/><line number="603" hits="28"/><line number="608" hits="46"/><line number="614" hits="46"/><line number="616" hits="46"/><line number="617" hits="0"/><line number="621" hits="46"/><line number="624" hits="46"/><line number="625" hits="46"/><line number="629" hits="0"/><line number="630" hits="46"/><line number="631" hits="46"/><line number="633" hits="0"/><line number="640" hits="18"/><line number="644" hits="28"/><line number="645" hits="28"/><line number="646" hits="0"/><line number="649" hits="56"/><line number="650" hits="28"/><line number="651" hits="0"/><line number="655" hits="28"/><line number="656" hits="28"/><line number="658" hits="28"/><line number="659" hits="0"/><line number="663" hits="28"/><line number="666" hits="28"/><line number="667" hits="28"/><line number="670" hits="28"/><line number="674" hits="28"/><line number="675" hits="28"/><line number="676" hits="28"/><line number="680" hits="28"/><line number="681" hits="28"/><line number="683" hits="28"/><line number="684" hits="28"/><line number="687" hits="28"/><line number="698" hits="30"/><line number="700" hits="48"/><line number="704" hits="24"/><line number="705" hits="12"/><line number="706" hits="0"/><line number="709" hits="12"/><line number="711" hits="24"/><line number="712" hits="1"/><line number="713" hits="11"/><line number="717" hits="12"/><line number="719" hits="12"/><line number="723" hits="20"/><line number="724" hits="20"/><line number="727" hits="20"/><line number="729" hits="100"/><line number="730" hits="40"/><line number="737" hits="20"/><line number="739" hits="20"/><line number="743" hits="2"/><line number="747" hits="2"/><line number="749" hits="6"/><line number="750" hits="6"/><line number="753" hits="3"/><line number="754" hits="6"/><line number="755" hits="3"/><line number="761" hits="2"/><line number="765" hits="2"/><line number="766" hits="4"/><line number="767" hits="8"/><line number="768" hits="6"/><line number="769" hits="2"/><line number="770" hits="2"/><line number="772" hits="2"/><line number="773" hits="2"/><line number="778" hits="0"/><line number="782" hits="29"/><line number="784" hits="29"/><line number="786" hits="58"/><line number="793" hits="0"/><line number="798" hits="51"/><line number="799" hits="51"/><line number="800" hits="51"/><line number="801" hits="51"/><line number="802" hits="243"/><line number="803" hits="361"/><line number="804" hits="51"/><line number="808" hits="5"/><line number="809" hits="5"/><line number="813" hits="28"/><line number="814" hits="76"/><line number="815" hits="223"/><line number="817" hits="28"/><line number="821" hits="0"/><line number="828" hits="4"/><line number="832" hits="4"/><line number="835" hits="19"/><line number="836" hits="37"/><line number="837" hits="21"/><line number="838" hits="21"/><line number="839" hits="21"/><line number="840" hits="21"/><line number="845" hits="4"/><line number="849" hits="4"/><line number="851" hits="4"/><line number="853" hits="4"/><line number="854" hits="4"/><line number="855" hits="4"/><line number="858" hits="19"/><line number="862" hits="37"/><line number="863" hits="21"/><line number="864" hits="21"/><line number="865" hits="21"/><line number="866" hits="21"/><line number="870" hits="21"/><line number="871" hits="21"/><line number="872" hits="21"/><line number="873" hits="21"/><line number="878" hits="8"/><line number="879" hits="8"/><line number="884" hits="8"/><line number="890" hits="21"/><line number="891" hits="1"/><line number="895" hits="1"/><line number="896" hits="1"/><line number="899" hits="1"/><line number="901" hits="7"/><line number="905" hits="1"/><line number="911" hits="12"/><line number="912" hits="1"/><line number="914" hits="1"/><line number="915" hits="1"/><line number="919" hits="4"/><line number="923" hits="2"/><line number="924" hits="2"/><line number="925" hits="0"/><line number="928" hits="2"/><line number="929" hits="2"/><line number="930" hits="2"/><line number="931" hits="2"/><line number="932" hits="17"/><line number="939" hits="15"/><line number="945" hits="15"/><line number="952" hits="30"/><line number="953" hits="6"/><line number="954" hits="6"/><line number="955" hits="6"/><line number="965" hits="1"/><line number="966" hits="1"/><line number="968" hits="7"/><line number="969" hits="7"/><line number="971" hits="0"/><line number="972" hits="0"/><line number="974" hits="0"/><line number="975" hits="0"/><line number="977" hits="1"/><line number="978" hits="1"/><line number="984" hits="1"/><line number="985" hits="1"/><line number="988" hits="1"/><line number="989" hits="1"/><line number="992" hits="1"/><line number="993" hits="1"/><line number="996" hits="1"/><line number="998" hits="1"/><line number="999" hits="0"/><line number="1002" hits="1"/><line number="1003" hits="1"/><line number="1004" hits="1"/><line number="1005" hits="1"/><line number="1007" hits="3"/><line number="1008" hits="1"/><line number="1019" hits="1"/><line number="1020" hits="1"/><line number="1021" hits="1"/><line number="1024" hits="0"/><line number="1028" hits="0"/><line number="1029" hits="0"/><line number="1058" hits="3"/><line number="1068" hits="2"/><line number="1069" hits="2"/><line number="1073" hits="2"/><line number="1079" hits="2"/><line number="1080" hits="0"/><line number="1083" hits="2"/><line number="1084" hits="0"/><line number="1087" hits="2"/><line number="1089" hits="2"/><line number="1091" hits="1"/><line number="1092" hits="5"/><line number="1098" hits="1"/><line number="1100" hits="0"/><line number="1101" hits="0"/><line number="1102" hits="0"/><line number="1105" hits="1"/><line number="1106" hits="1"/><line number="1108" hits="0"/><line number="1109" hits="0"/><line number="1110" hits="0"/><line number="1113" hits="2"/><line number="1122" hits="0"/><line number="1123" hits="0"/><line number="1125" hits="0"/><line number="1143" hits="0"/><line number="1145" hits="0"/><line number="1146" hits="0"/><line number="1147" hits="0"/><line number="1150" hits="0"/><line number="1161" hits="2"/><line number="1162" hits="2"/><line number="1166" hits="2"/><line number="1167" hits="2"/></lines></class><class name="types" filename="hekmat_mind/src/neural/growth/types.rs" line-rate="1" branch-rate="0" complexity="0"><methods/><lines><line number="13" hits="3656"/><line number="18" hits="78"/><line number="19" hits="78"/><line number="20" hits="78"/><line number="21" hits="78"/><line number="22" hits="78"/></lines></class></classes></package><package name="hekmat_mind/benches/synapse" line-rate="0" branch-rate="0" complexity="0"><classes></classes></package><package name="hekmat_mind/benches/neuron" line-rate="0" branch-rate="0" complexity="0"><classes></classes></package><package name="hekmat_mind/src/neural/network" line-rate="0.898876404494382" branch-rate="0" complexity="0"><classes><class name="model" filename="hekmat_mind/src/neural/network/model.rs" line-rate="0.898876404494382" branch-rate="0" complexity="0"><methods/><lines><line number="34" hits="1"/><line number="35" hits="1"/><line number="41" hits="34"/><line number="43" hits="34"/><line number="44" hits="34"/><line number="45" hits="34"/><line number="46" hits="34"/><line number="54" hits="3"/><line number="55" hits="3"/><line number="56" hits="3"/><line number="60" hits="3"/><line number="61" hits="3"/><line number="62" hits="3"/><line number="66" hits="263"/><line number="67" hits="263"/><line number="68" hits="263"/><line number="69" hits="263"/><line number="73" hits="1491"/><line number="74" hits="1491"/><line number="75" hits="1491"/><line number="78" hits="2981"/><line number="79" hits="2"/><line number="82" hits="1489"/><line number="86" hits="2"/><line number="87" hits="2"/><line number="91" hits="82"/><line number="92" hits="82"/><line number="96" hits="1"/><line number="97" hits="1"/><line number="101" hits="10"/><line number="102" hits="10"/><line number="106" hits="5"/><line number="107" hits="5"/><line number="111" hits="2"/><line number="112" hits="2"/><line number="116" hits="206"/><line number="117" hits="206"/><line number="121" hits="2"/><line number="122" hits="2"/><line number="126" hits="7"/><line number="127" hits="7"/><line number="131" hits="18"/><line number="132" hits="18"/><line number="136" hits="1241"/><line number="137" hits="2482"/><line number="145" hits="344"/><line number="147" hits="344"/><line number="148" hits="94"/><line number="151" hits="94"/><line number="154" hits="94"/><line number="155" hits="21"/><line number="156" hits="9"/><line number="160" hits="18"/><line number="161" hits="9"/><line number="162" hits="9"/><line number="164" hits="9"/><line number="165" hits="0"/><line number="172" hits="91"/><line number="173" hits="10"/><line number="174" hits="4"/><line number="176" hits="0"/><line number="177" hits="0"/><line number="185" hits="344"/><line number="186" hits="9"/><line number="189" hits="9"/><line number="191" hits="39"/><line number="192" hits="15"/><line number="195" hits="0"/><line number="196" hits="0"/><line number="199" hits="0"/><line number="201" hits="0"/><line number="206" hits="0"/><line number="209" hits="0"/><line number="210" hits="0"/><line number="212" hits="0"/><line number="225" hits="344"/><line number="226" hits="344"/><line number="229" hits="4882"/><line number="230" hits="4538"/><line number="233" hits="1972"/><line number="238" hits="121442"/><line number="241" hits="6128"/><line number="244" hits="12256"/><line number="245" hits="6128"/><line number="247" hits="0"/><line number="256" hits="4160"/><line number="257" hits="1908"/><line number="264" hits="344"/><line number="265" hits="0"/><line number="268" hits="0"/><line number="270" hits="0"/><line number="271" hits="0"/><line number="273" hits="0"/><line number="279" hits="4882"/><line number="280" hits="4538"/><line number="285" hits="1284"/><line number="287" hits="485"/><line number="288" hits="970"/><line number="293" hits="4053"/><line number="294" hits="4660"/><line number="297" hits="460"/><line number="298" hits="460"/><line number="299" hits="460"/><line number="307" hits="27824"/><line number="312" hits="344"/><line number="316" hits="549"/><line number="318" hits="549"/><line number="322" hits="549"/><line number="323" hits="549"/><line number="325" hits="25445"/><line number="326" hits="24896"/><line number="327" hits="4547"/><line number="329" hits="20349"/><line number="335" hits="549"/><line number="336" hits="9097"/><line number="337" hits="8548"/><line number="338" hits="1541"/><line number="339" hits="1541"/><line number="345" hits="107719"/><line number="351" hits="16366"/><line number="352" hits="6684"/><line number="353" hits="6684"/><line number="356" hits="6684"/><line number="362" hits="3"/><line number="363" hits="26"/><line number="366" hits="26"/><line number="369" hits="3"/><line number="370" hits="3"/><line number="371" hits="3"/><line number="372" hits="3"/><line number="396" hits="12"/><line number="407" hits="11"/><line number="408" hits="11"/><line number="409" hits="11"/><line number="410" hits="11"/><line number="414" hits="5"/><line number="415" hits="5"/><line number="416" hits="5"/><line number="417" hits="5"/><line number="418" hits="5"/><line number="426" hits="6"/><line number="427" hits="6"/><line number="428" hits="6"/><line number="429" hits="6"/><line number="430" hits="6"/><line number="434" hits="12"/><line number="435" hits="12"/><line number="436" hits="12"/><line number="439" hits="12"/><line number="440" hits="227"/><line number="441" hits="215"/><line number="442" hits="215"/><line number="443" hits="215"/><line number="447" hits="12"/><line number="448" hits="1"/><line number="451" hits="5"/><line number="452" hits="70"/><line number="453" hits="1025"/><line number="454" hits="1284"/><line number="455" hits="324"/><line number="456" hits="324"/><line number="457" hits="324"/><line number="465" hits="12"/><line number="467" hits="6"/><line number="468" hits="6"/><line number="469" hits="6"/><line number="472" hits="6"/><line number="473" hits="156"/><line number="474" hits="5850"/><line number="475" hits="5700"/><line number="476" hits="5700"/><line number="482" hits="6"/><line number="483" hits="6"/><line number="486" hits="1146"/><line number="493" hits="0"/><line number="496" hits="12"/><line number="501" hits="1"/><line number="502" hits="1"/></lines></class></classes></package><package name="hekmat_mind/src/bin" line-rate="0" branch-rate="0" complexity="0"><classes><class name="network_scalability_benchmark" filename="hekmat_mind/src/bin/network_scalability_benchmark.rs" line-rate="0" branch-rate="0" complexity="0"><methods/><lines><line number="11" hits="0"/><line number="12" hits="0"/><line number="13" hits="0"/><line number="16" hits="0"/><line number="17" hits="0"/><line number="20" hits="0"/><line number="21" hits="0"/><line number="24" hits="0"/><line number="26" hits="0"/><line number="27" hits="0"/><line number="30" hits="0"/><line number="31" hits="0"/><line number="35" hits="0"/><line number="36" hits="0"/><line number="38" hits="0"/><line number="42" hits="0"/><line number="43" hits="0"/><line number="46" hits="0"/><line number="47" hits="0"/><line number="48" hits="0"/><line number="49" hits="0"/><line number="50" hits="0"/><line number="51" hits="0"/><line number="52" hits="0"/><line number="53" hits="0"/><line number="54" hits="0"/><line number="55" hits="0"/><line number="56" hits="0"/><line number="57" hits="0"/><line number="58" hits="0"/><line number="59" hits="0"/><line number="63" hits="0"/></lines></class><class name="test_benchmark_import" filename="hekmat_mind/src/bin/test_benchmark_import.rs" line-rate="0" branch-rate="0" complexity="0"><methods/><lines><line number="6" hits="0"/><line number="7" hits="0"/><line number="11" hits="0"/><line number="12" hits="0"/><line number="14" hits="0"/></lines></class></classes></package></packages></coverage>
